<?xml version="1.0" encoding="UTF-8"?>
<!-- Generated by org.testng.reporters.JUnitReportReporter -->
<testsuite hostname="DESKTOP-OIGE0TE" failures="0" tests="1" name="framework.Repository" time="0.031" errors="0" timestamp="2019-11-29T17:01:05 IST" skipped="0">
  <testcase classname="framework.Repository" name="repo" time="0.031"/>
</testsuite> <!-- framework.Repository -->
