<?xml version="1.0" encoding="UTF-8"?>
<!-- Generated by org.testng.reporters.JUnitReportReporter -->
<testsuite hostname="DESKTOP-OIGE0TE" failures="0" tests="5" name="tests.login.LoginWithInValidCredentials" time="12.529" errors="5" timestamp="2019-11-28T15:34:31 IST" skipped="0">
  <testcase classname="tests.login.LoginWithInValidCredentials" name="launchingBrowser" time="9.052">
    <error type="java.lang.StackOverflowError">
      <![CDATA[java.lang.StackOverflowError
at framework.Validators.<init>(Validators.java:7)
at framework.EventMethods.<init>(EventMethods.java:27)
at framework.Validators.<init>(Validators.java:7)
at framework.EventMethods.<init>(EventMethods.java:27)
at framework.Validators.<init>(Validators.java:7)
at framework.EventMethods.<init>(EventMethods.java:27)
at framework.Validators.<init>(Validators.java:7)
at framework.EventMethods.<init>(EventMethods.java:27)
at framework.Validators.<init>(Validators.java:7)
at framework.EventMethods.<init>(EventMethods.java:27)
at framework.Validators.<init>(Validators.java:7)
at framework.EventMethods.<init>(EventMethods.java:27)
at framework.Validators.<init>(Validators.java:7)
at framework.EventMethods.<init>(EventMethods.java:27)
at framework.Validators.<init>(Validators.java:7)
at framework.EventMethods.<init>(EventMethods.java:27)
at framework.Validators.<init>(Validators.java:7)
at framework.EventMethods.<init>(EventMethods.java:27)
at framework.Validators.<init>(Validators.java:7)
at framework.EventMethods.<init>(EventMethods.java:27)
at framework.Validators.<init>(Validators.java:7)
at framework.EventMethods.<init>(EventMethods.java:27)
at framework.Validators.<init>(Validators.java:7)
at framework.EventMethods.<init>(EventMethods.java:27)
at framework.Validators.<init>(Validators.java:7)
at framework.EventMethods.<init>(EventMethods.java:27)
at framework.Validators.<init>(Validators.java:7)
at framework.EventMethods.<init>(EventMethods.java:27)
at framework.Validators.<init>(Validators.java:7)
at framework.EventMethods.<init>(EventMethods.java:27)
at framework.Validators.<init>(Validators.java:7)
at framework.EventMethods.<init>(EventMethods.java:27)
at framework.Validators.<init>(Validators.java:7)
at framework.EventMethods.<init>(EventMethods.java:27)
at framework.Validators.<init>(Validators.java:7)
at framework.EventMethods.<init>(EventMethods.java:27)
at framework.Validators.<init>(Validators.java:7)
at framework.EventMethods.<init>(EventMethods.java:27)
at framework.Validators.<init>(Validators.java:7)
at framework.EventMethods.<init>(EventMethods.java:27)
at framework.Validators.<init>(Validators.java:7)
at framework.EventMethods.<init>(EventMethods.java:27)
at framework.Validators.<init>(Validators.java:7)
at framework.EventMethods.<init>(EventMethods.java:27)
at framework.Validators.<init>(Validators.java:7)
at framework.EventMethods.<init>(EventMethods.java:27)
at framework.Validators.<init>(Validators.java:7)
at framework.EventMethods.<init>(EventMethods.java:27)
at framework.Validators.<init>(Validators.java:7)
at framework.EventMethods.<init>(EventMethods.java:27)
at framework.Validators.<init>(Validators.java:7)
at framework.EventMethods.<init>(EventMethods.java:27)
at framework.Validators.<init>(Validators.java:7)
at framework.EventMethods.<init>(EventMethods.java:27)
at framework.Validators.<init>(Validators.java:7)
at framework.EventMethods.<init>(EventMethods.java:27)
at framework.Validators.<init>(Validators.java:7)
at framework.EventMethods.<init>(EventMethods.java:27)
at framework.Validators.<init>(Validators.java:7)
at framework.EventMethods.<init>(EventMethods.java:27)
at framework.Validators.<init>(Validators.java:7)
at framework.EventMethods.<init>(EventMethods.java:27)
at framework.Validators.<init>(Validators.java:7)
at framework.EventMethods.<init>(EventMethods.java:27)
at framework.Validators.<init>(Validators.java:7)
at framework.EventMethods.<init>(EventMethods.java:27)
at framework.Validators.<init>(Validators.java:7)
at framework.EventMethods.<init>(EventMethods.java:27)
at framework.Validators.<init>(Validators.java:7)
at framework.EventMethods.<init>(EventMethods.java:27)
at framework.Validators.<init>(Validators.java:7)
at framework.EventMethods.<init>(EventMethods.java:27)
at framework.Validators.<init>(Validators.java:7)
at framework.EventMethods.<init>(EventMethods.java:27)
at framework.Validators.<init>(Validators.java:7)
at framework.EventMethods.<init>(EventMethods.java:27)
at framework.Validators.<init>(Validators.java:7)
at framework.EventMethods.<init>(EventMethods.java:27)
at framework.Validators.<init>(Validators.java:7)
at framework.EventMethods.<init>(EventMethods.java:27)
at framework.Validators.<init>(Validators.java:7)
at framework.EventMethods.<init>(EventMethods.java:27)
at framework.Validators.<init>(Validators.java:7)
at framework.EventMethods.<init>(EventMethods.java:27)
at framework.Validators.<init>(Validators.java:7)
at framework.EventMethods.<init>(EventMethods.java:27)
at framework.Validators.<init>(Validators.java:7)
at framework.EventMethods.<init>(EventMethods.java:27)
at framework.Validators.<init>(Validators.java:7)
at framework.EventMethods.<init>(EventMethods.java:27)
at framework.Validators.<init>(Validators.java:7)
at framework.EventMethods.<init>(EventMethods.java:27)
at framework.Validators.<init>(Validators.java:7)
at framework.EventMethods.<init>(EventMethods.java:27)
at framework.Validators.<init>(Validators.java:7)
at framework.EventMethods.<init>(EventMethods.java:27)
at framework.Validators.<init>(Validators.java:7)
at framework.EventMethods.<init>(EventMethods.java:27)
at framework.Validators.<init>(Validators.java:7)
at framework.EventMethods.<init>(EventMethods.java:27)
at framework.Validators.<init>(Validators.java:7)
at framework.EventMethods.<init>(EventMethods.java:27)
at framework.Validators.<init>(Validators.java:7)
at framework.EventMethods.<init>(EventMethods.java:27)
at framework.Validators.<init>(Validators.java:7)
at framework.EventMethods.<init>(EventMethods.java:27)
at framework.Validators.<init>(Validators.java:7)
at framework.EventMethods.<init>(EventMethods.java:27)
at framework.Validators.<init>(Validators.java:7)
at framework.EventMethods.<init>(EventMethods.java:27)
at framework.Validators.<init>(Validators.java:7)
at framework.EventMethods.<init>(EventMethods.java:27)
at framework.Validators.<init>(Validators.java:7)
at framework.EventMethods.<init>(EventMethods.java:27)
at framework.Validators.<init>(Validators.java:7)
at framework.EventMethods.<init>(EventMethods.java:27)
at framework.Validators.<init>(Validators.java:7)
at framework.EventMethods.<init>(EventMethods.java:27)
at framework.Validators.<init>(Validators.java:7)
at framework.EventMethods.<init>(EventMethods.java:27)
at framework.Validators.<init>(Validators.java:7)
at framework.EventMethods.<init>(EventMethods.java:27)
at framework.Validators.<init>(Validators.java:7)
at framework.EventMethods.<init>(EventMethods.java:27)
at framework.Validators.<init>(Validators.java:7)
at framework.EventMethods.<init>(EventMethods.java:27)
at framework.Validators.<init>(Validators.java:7)
at framework.EventMethods.<init>(EventMethods.java:27)
at framework.Validators.<init>(Validators.java:7)
at framework.EventMethods.<init>(EventMethods.java:27)
at framework.Validators.<init>(Validators.java:7)
at framework.EventMethods.<init>(EventMethods.java:27)
at framework.Validators.<init>(Validators.java:7)
at framework.EventMethods.<init>(EventMethods.java:27)
at framework.Validators.<init>(Validators.java:7)
at framework.EventMethods.<init>(EventMethods.java:27)
at framework.Validators.<init>(Validators.java:7)
at framework.EventMethods.<init>(EventMethods.java:27)
at framework.Validators.<init>(Validators.java:7)
at framework.EventMethods.<init>(EventMethods.java:27)
at framework.Validators.<init>(Validators.java:7)
at framework.EventMethods.<init>(EventMethods.java:27)
at framework.Validators.<init>(Validators.java:7)
at framework.EventMethods.<init>(EventMethods.java:27)
at framework.Validators.<init>(Validators.java:7)
at framework.EventMethods.<init>(EventMethods.java:27)
at framework.Validators.<init>(Validators.java:7)
at framework.EventMethods.<init>(EventMethods.java:27)
at framework.Validators.<init>(Validators.java:7)
at framework.EventMethods.<init>(EventMethods.java:27)
at framework.Validators.<init>(Validators.java:7)
at framework.EventMethods.<init>(EventMethods.java:27)
at framework.Validators.<init>(Validators.java:7)
at framework.EventMethods.<init>(EventMethods.java:27)
at framework.Validators.<init>(Validators.java:7)
at framework.EventMethods.<init>(EventMethods.java:27)
at framework.Validators.<init>(Validators.java:7)
at framework.EventMethods.<init>(EventMethods.java:27)
at framework.Validators.<init>(Validators.java:7)
at framework.EventMethods.<init>(EventMethods.java:27)
at framework.Validators.<init>(Validators.java:7)
at framework.EventMethods.<init>(EventMethods.java:27)
at framework.Validators.<init>(Validators.java:7)
at framework.EventMethods.<init>(EventMethods.java:27)
at framework.Validators.<init>(Validators.java:7)
at framework.EventMethods.<init>(EventMethods.java:27)
at framework.Validators.<init>(Validators.java:7)
at framework.EventMethods.<init>(EventMethods.java:27)
at framework.Validators.<init>(Validators.java:7)
at framework.EventMethods.<init>(EventMethods.java:27)
at framework.Validators.<init>(Validators.java:7)
at framework.EventMethods.<init>(EventMethods.java:27)
at framework.Validators.<init>(Validators.java:7)
at framework.EventMethods.<init>(EventMethods.java:27)
at framework.Validators.<init>(Validators.java:7)
at framework.EventMethods.<init>(EventMethods.java:27)
at framework.Validators.<init>(Validators.java:7)
at framework.EventMethods.<init>(EventMethods.java:27)
at framework.Validators.<init>(Validators.java:7)
at framework.EventMethods.<init>(EventMethods.java:27)
at framework.Validators.<init>(Validators.java:7)
at framework.EventMethods.<init>(EventMethods.java:27)
at framework.Validators.<init>(Validators.java:7)
at framework.EventMethods.<init>(EventMethods.java:27)
at framework.Validators.<init>(Validators.java:7)
at framework.EventMethods.<init>(EventMethods.java:27)
at framework.Validators.<init>(Validators.java:7)
at framework.EventMethods.<init>(EventMethods.java:27)
at framework.Validators.<init>(Validators.java:7)
at framework.EventMethods.<init>(EventMethods.java:27)
at framework.Validators.<init>(Validators.java:7)
at framework.EventMethods.<init>(EventMethods.java:27)
at framework.Validators.<init>(Validators.java:7)
at framework.EventMethods.<init>(EventMethods.java:27)
at framework.Validators.<init>(Validators.java:7)
at framework.EventMethods.<init>(EventMethods.java:27)
at framework.Validators.<init>(Validators.java:7)
at framework.EventMethods.<init>(EventMethods.java:27)
at framework.Validators.<init>(Validators.java:7)
at framework.EventMethods.<init>(EventMethods.java:27)
at framework.Validators.<init>(Validators.java:7)
at framework.EventMethods.<init>(EventMethods.java:27)
at framework.Validators.<init>(Validators.java:7)
at framework.EventMethods.<init>(EventMethods.java:27)
at framework.Validators.<init>(Validators.java:7)
at framework.EventMethods.<init>(EventMethods.java:27)
at framework.Validators.<init>(Validators.java:7)
at framework.EventMethods.<init>(EventMethods.java:27)
at framework.Validators.<init>(Validators.java:7)
at framework.EventMethods.<init>(EventMethods.java:27)
at framework.Validators.<init>(Validators.java:7)
at framework.EventMethods.<init>(EventMethods.java:27)
at framework.Validators.<init>(Validators.java:7)
at framework.EventMethods.<init>(EventMethods.java:27)
at framework.Validators.<init>(Validators.java:7)
at framework.EventMethods.<init>(EventMethods.java:27)
at framework.Validators.<init>(Validators.java:7)
at framework.EventMethods.<init>(EventMethods.java:27)
at framework.Validators.<init>(Validators.java:7)
at framework.EventMethods.<init>(EventMethods.java:27)
at framework.Validators.<init>(Validators.java:7)
at framework.EventMethods.<init>(EventMethods.java:27)
at framework.Validators.<init>(Validators.java:7)
at framework.EventMethods.<init>(EventMethods.java:27)
at framework.Validators.<init>(Validators.java:7)
at framework.EventMethods.<init>(EventMethods.java:27)
at framework.Validators.<init>(Validators.java:7)
at framework.EventMethods.<init>(EventMethods.java:27)
at framework.Validators.<init>(Validators.java:7)
at framework.EventMethods.<init>(EventMethods.java:27)
at framework.Validators.<init>(Validators.java:7)
at framework.EventMethods.<init>(EventMethods.java:27)
at framework.Validators.<init>(Validators.java:7)
at framework.EventMethods.<init>(EventMethods.java:27)
at framework.Validators.<init>(Validators.java:7)
at framework.EventMethods.<init>(EventMethods.java:27)
at framework.Validators.<init>(Validators.java:7)
at framework.EventMethods.<init>(EventMethods.java:27)
at framework.Validators.<init>(Validators.java:7)
at framework.EventMethods.<init>(EventMethods.java:27)
at framework.Validators.<init>(Validators.java:7)
at framework.EventMethods.<init>(EventMethods.java:27)
at framework.Validators.<init>(Validators.java:7)
at framework.EventMethods.<init>(EventMethods.java:27)
at framework.Validators.<init>(Validators.java:7)
at framework.EventMethods.<init>(EventMethods.java:27)
at framework.Validators.<init>(Validators.java:7)
at framework.EventMethods.<init>(EventMethods.java:27)
at framework.Validators.<init>(Validators.java:7)
at framework.EventMethods.<init>(EventMethods.java:27)
at framework.Validators.<init>(Validators.java:7)
at framework.EventMethods.<init>(EventMethods.java:27)
at framework.Validators.<init>(Validators.java:7)
at framework.EventMethods.<init>(EventMethods.java:27)
at framework.Validators.<init>(Validators.java:7)
at framework.EventMethods.<init>(EventMethods.java:27)
at framework.Validators.<init>(Validators.java:7)
at framework.EventMethods.<init>(EventMethods.java:27)
at framework.Validators.<init>(Validators.java:7)
at framework.EventMethods.<init>(EventMethods.java:27)
at framework.Validators.<init>(Validators.java:7)
at framework.EventMethods.<init>(EventMethods.java:27)
at framework.Validators.<init>(Validators.java:7)
at framework.EventMethods.<init>(EventMethods.java:27)
at framework.Validators.<init>(Validators.java:7)
at framework.EventMethods.<init>(EventMethods.java:27)
at framework.Validators.<init>(Validators.java:7)
at framework.EventMethods.<init>(EventMethods.java:27)
at framework.Validators.<init>(Validators.java:7)
at framework.EventMethods.<init>(EventMethods.java:27)
at framework.Validators.<init>(Validators.java:7)
at framework.EventMethods.<init>(EventMethods.java:27)
at framework.Validators.<init>(Validators.java:7)
at framework.EventMethods.<init>(EventMethods.java:27)
at framework.Validators.<init>(Validators.java:7)
at framework.EventMethods.<init>(EventMethods.java:27)
at framework.Validators.<init>(Validators.java:7)
at framework.EventMethods.<init>(EventMethods.java:27)
at framework.Validators.<init>(Validators.java:7)
at framework.EventMethods.<init>(EventMethods.java:27)
at framework.Validators.<init>(Validators.java:7)
at framework.EventMethods.<init>(EventMethods.java:27)
at framework.Validators.<init>(Validators.java:7)
at framework.EventMethods.<init>(EventMethods.java:27)
at framework.Validators.<init>(Validators.java:7)
at framework.EventMethods.<init>(EventMethods.java:27)
at framework.Validators.<init>(Validators.java:7)
at framework.EventMethods.<init>(EventMethods.java:27)
at framework.Validators.<init>(Validators.java:7)
at framework.EventMethods.<init>(EventMethods.java:27)
at framework.Validators.<init>(Validators.java:7)
at framework.EventMethods.<init>(EventMethods.java:27)
at framework.Validators.<init>(Validators.java:7)
at framework.EventMethods.<init>(EventMethods.java:27)
at framework.Validators.<init>(Validators.java:7)
at framework.EventMethods.<init>(EventMethods.java:27)
at framework.Validators.<init>(Validators.java:7)
at framework.EventMethods.<init>(EventMethods.java:27)
at framework.Validators.<init>(Validators.java:7)
at framework.EventMethods.<init>(EventMethods.java:27)
at framework.Validators.<init>(Validators.java:7)
at framework.EventMethods.<init>(EventMethods.java:27)
at framework.Validators.<init>(Validators.java:7)
at framework.EventMethods.<init>(EventMethods.java:27)
at framework.Validators.<init>(Validators.java:7)
at framework.EventMethods.<init>(EventMethods.java:27)
at framework.Validators.<init>(Validators.java:7)
at framework.EventMethods.<init>(EventMethods.java:27)
at framework.Validators.<init>(Validators.java:7)
at framework.EventMethods.<init>(EventMethods.java:27)
at framework.Validators.<init>(Validators.java:7)
at framework.EventMethods.<init>(EventMethods.java:27)
at framework.Validators.<init>(Validators.java:7)
at framework.EventMethods.<init>(EventMethods.java:27)
at framework.Validators.<init>(Validators.java:7)
at framework.EventMethods.<init>(EventMethods.java:27)
at framework.Validators.<init>(Validators.java:7)
at framework.EventMethods.<init>(EventMethods.java:27)
at framework.Validators.<init>(Validators.java:7)
at framework.EventMethods.<init>(EventMethods.java:27)
at framework.Validators.<init>(Validators.java:7)
at framework.EventMethods.<init>(EventMethods.java:27)
at framework.Validators.<init>(Validators.java:7)
at framework.EventMethods.<init>(EventMethods.java:27)
at framework.Validators.<init>(Validators.java:7)
at framework.EventMethods.<init>(EventMethods.java:27)
at framework.Validators.<init>(Validators.java:7)
at framework.EventMethods.<init>(EventMethods.java:27)
at framework.Validators.<init>(Validators.java:7)
at framework.EventMethods.<init>(EventMethods.java:27)
at framework.Validators.<init>(Validators.java:7)
at framework.EventMethods.<init>(EventMethods.java:27)
at framework.Validators.<init>(Validators.java:7)
at framework.EventMethods.<init>(EventMethods.java:27)
at framework.Validators.<init>(Validators.java:7)
at framework.EventMethods.<init>(EventMethods.java:27)
at framework.Validators.<init>(Validators.java:7)
at framework.EventMethods.<init>(EventMethods.java:27)
at framework.Validators.<init>(Validators.java:7)
at framework.EventMethods.<init>(EventMethods.java:27)
at framework.Validators.<init>(Validators.java:7)
at framework.EventMethods.<init>(EventMethods.java:27)
at framework.Validators.<init>(Validators.java:7)
at framework.EventMethods.<init>(EventMethods.java:27)
at framework.Validators.<init>(Validators.java:7)
at framework.EventMethods.<init>(EventMethods.java:27)
at framework.Validators.<init>(Validators.java:7)
at framework.EventMethods.<init>(EventMethods.java:27)
at framework.Validators.<init>(Validators.java:7)
at framework.EventMethods.<init>(EventMethods.java:27)
at framework.Validators.<init>(Validators.java:7)
at framework.EventMethods.<init>(EventMethods.java:27)
at framework.Validators.<init>(Validators.java:7)
at framework.EventMethods.<init>(EventMethods.java:27)
at framework.Validators.<init>(Validators.java:7)
at framework.EventMethods.<init>(EventMethods.java:27)
at framework.Validators.<init>(Validators.java:7)
at framework.EventMethods.<init>(EventMethods.java:27)
at framework.Validators.<init>(Validators.java:7)
at framework.EventMethods.<init>(EventMethods.java:27)
at framework.Validators.<init>(Validators.java:7)
at framework.EventMethods.<init>(EventMethods.java:27)
at framework.Validators.<init>(Validators.java:7)
at framework.EventMethods.<init>(EventMethods.java:27)
at framework.Validators.<init>(Validators.java:7)
at framework.EventMethods.<init>(EventMethods.java:27)
at framework.Validators.<init>(Validators.java:7)
at framework.EventMethods.<init>(EventMethods.java:27)
at framework.Validators.<init>(Validators.java:7)
at framework.EventMethods.<init>(EventMethods.java:27)
at framework.Validators.<init>(Validators.java:7)
at framework.EventMethods.<init>(EventMethods.java:27)
at framework.Validators.<init>(Validators.java:7)
at framework.EventMethods.<init>(EventMethods.java:27)
at framework.Validators.<init>(Validators.java:7)
at framework.EventMethods.<init>(EventMethods.java:27)
at framework.Validators.<init>(Validators.java:7)
at framework.EventMethods.<init>(EventMethods.java:27)
at framework.Validators.<init>(Validators.java:7)
at framework.EventMethods.<init>(EventMethods.java:27)
at framework.Validators.<init>(Validators.java:7)
at framework.EventMethods.<init>(EventMethods.java:27)
at framework.Validators.<init>(Validators.java:7)
at framework.EventMethods.<init>(EventMethods.java:27)
at framework.Validators.<init>(Validators.java:7)
at framework.EventMethods.<init>(EventMethods.java:27)
at framework.Validators.<init>(Validators.java:7)
at framework.EventMethods.<init>(EventMethods.java:27)
at framework.Validators.<init>(Validators.java:7)
at framework.EventMethods.<init>(EventMethods.java:27)
at framework.Validators.<init>(Validators.java:7)
at framework.EventMethods.<init>(EventMethods.java:27)
at framework.Validators.<init>(Validators.java:7)
at framework.EventMethods.<init>(EventMethods.java:27)
at framework.Validators.<init>(Validators.java:7)
at framework.EventMethods.<init>(EventMethods.java:27)
at framework.Validators.<init>(Validators.java:7)
at framework.EventMethods.<init>(EventMethods.java:27)
at framework.Validators.<init>(Validators.java:7)
at framework.EventMethods.<init>(EventMethods.java:27)
at framework.Validators.<init>(Validators.java:7)
at framework.EventMethods.<init>(EventMethods.java:27)
at framework.Validators.<init>(Validators.java:7)
at framework.EventMethods.<init>(EventMethods.java:27)
at framework.Validators.<init>(Validators.java:7)
at framework.EventMethods.<init>(EventMethods.java:27)
at framework.Validators.<init>(Validators.java:7)
at framework.EventMethods.<init>(EventMethods.java:27)
at framework.Validators.<init>(Validators.java:7)
at framework.EventMethods.<init>(EventMethods.java:27)
at framework.Validators.<init>(Validators.java:7)
at framework.EventMethods.<init>(EventMethods.java:27)
at framework.Validators.<init>(Validators.java:7)
at framework.EventMethods.<init>(EventMethods.java:27)
at framework.Validators.<init>(Validators.java:7)
at framework.EventMethods.<init>(EventMethods.java:27)
at framework.Validators.<init>(Validators.java:7)
at framework.EventMethods.<init>(EventMethods.java:27)
at framework.Validators.<init>(Validators.java:7)
at framework.EventMethods.<init>(EventMethods.java:27)
at framework.Validators.<init>(Validators.java:7)
at framework.EventMethods.<init>(EventMethods.java:27)
at framework.Validators.<init>(Validators.java:7)
at framework.EventMethods.<init>(EventMethods.java:27)
at framework.Validators.<init>(Validators.java:7)
at framework.EventMethods.<init>(EventMethods.java:27)
at framework.Validators.<init>(Validators.java:7)
at framework.EventMethods.<init>(EventMethods.java:27)
at framework.Validators.<init>(Validators.java:7)
at framework.EventMethods.<init>(EventMethods.java:27)
at framework.Validators.<init>(Validators.java:7)
at framework.EventMethods.<init>(EventMethods.java:27)
at framework.Validators.<init>(Validators.java:7)
at framework.EventMethods.<init>(EventMethods.java:27)
at framework.Validators.<init>(Validators.java:7)
at framework.EventMethods.<init>(EventMethods.java:27)
at framework.Validators.<init>(Validators.java:7)
at framework.EventMethods.<init>(EventMethods.java:27)
at framework.Validators.<init>(Validators.java:7)
at framework.EventMethods.<init>(EventMethods.java:27)
at framework.Validators.<init>(Validators.java:7)
at framework.EventMethods.<init>(EventMethods.java:27)
at framework.Validators.<init>(Validators.java:7)
at framework.EventMethods.<init>(EventMethods.java:27)
at framework.Validators.<init>(Validators.java:7)
at framework.EventMethods.<init>(EventMethods.java:27)
at framework.Validators.<init>(Validators.java:7)
at framework.EventMethods.<init>(EventMethods.java:27)
at framework.Validators.<init>(Validators.java:7)
at framework.EventMethods.<init>(EventMethods.java:27)
at framework.Validators.<init>(Validators.java:7)
at framework.EventMethods.<init>(EventMethods.java:27)
at framework.Validators.<init>(Validators.java:7)
at framework.EventMethods.<init>(EventMethods.java:27)
at framework.Validators.<init>(Validators.java:7)
at framework.EventMethods.<init>(EventMethods.java:27)
at framework.Validators.<init>(Validators.java:7)
at framework.EventMethods.<init>(EventMethods.java:27)
at framework.Validators.<init>(Validators.java:7)
at framework.EventMethods.<init>(EventMethods.java:27)
at framework.Validators.<init>(Validators.java:7)
at framework.EventMethods.<init>(EventMethods.java:27)
at framework.Validators.<init>(Validators.java:7)
at framework.EventMethods.<init>(EventMethods.java:27)
at framework.Validators.<init>(Validators.java:7)
at framework.EventMethods.<init>(EventMethods.java:27)
at framework.Validators.<init>(Validators.java:7)
at framework.EventMethods.<init>(EventMethods.java:27)
at framework.Validators.<init>(Validators.java:7)
at framework.EventMethods.<init>(EventMethods.java:27)
at framework.Validators.<init>(Validators.java:7)
at framework.EventMethods.<init>(EventMethods.java:27)
at framework.Validators.<init>(Validators.java:7)
at framework.EventMethods.<init>(EventMethods.java:27)
at framework.Validators.<init>(Validators.java:7)
at framework.EventMethods.<init>(EventMethods.java:27)
at framework.Validators.<init>(Validators.java:7)
at framework.EventMethods.<init>(EventMethods.java:27)
at framework.Validators.<init>(Validators.java:7)
at framework.EventMethods.<init>(EventMethods.java:27)
at framework.Validators.<init>(Validators.java:7)
at framework.EventMethods.<init>(EventMethods.java:27)
at framework.Validators.<init>(Validators.java:7)
at framework.EventMethods.<init>(EventMethods.java:27)
at framework.Validators.<init>(Validators.java:7)
at framework.EventMethods.<init>(EventMethods.java:27)
at framework.Validators.<init>(Validators.java:7)
at framework.EventMethods.<init>(EventMethods.java:27)
at framework.Validators.<init>(Validators.java:7)
at framework.EventMethods.<init>(EventMethods.java:27)
at framework.Validators.<init>(Validators.java:7)
at framework.EventMethods.<init>(EventMethods.java:27)
at framework.Validators.<init>(Validators.java:7)
at framework.EventMethods.<init>(EventMethods.java:27)
at framework.Validators.<init>(Validators.java:7)
at framework.EventMethods.<init>(EventMethods.java:27)
at framework.Validators.<init>(Validators.java:7)
at framework.EventMethods.<init>(EventMethods.java:27)
at framework.Validators.<init>(Validators.java:7)
at framework.EventMethods.<init>(EventMethods.java:27)
at framework.Validators.<init>(Validators.java:7)
at framework.EventMethods.<init>(EventMethods.java:27)
at framework.Validators.<init>(Validators.java:7)
at framework.EventMethods.<init>(EventMethods.java:27)
at framework.Validators.<init>(Validators.java:7)
at framework.EventMethods.<init>(EventMethods.java:27)
at framework.Validators.<init>(Validators.java:7)
at framework.EventMethods.<init>(EventMethods.java:27)
at framework.Validators.<init>(Validators.java:7)
at framework.EventMethods.<init>(EventMethods.java:27)
at framework.Validators.<init>(Validators.java:7)
at framework.EventMethods.<init>(EventMethods.java:27)
at framework.Validators.<init>(Validators.java:7)
at framework.EventMethods.<init>(EventMethods.java:27)
at framework.Validators.<init>(Validators.java:7)
at framework.EventMethods.<init>(EventMethods.java:27)
at framework.Validators.<init>(Validators.java:7)
at framework.EventMethods.<init>(EventMethods.java:27)
at framework.Validators.<init>(Validators.java:7)
at framework.EventMethods.<init>(EventMethods.java:27)
at framework.Validators.<init>(Validators.java:7)
at framework.EventMethods.<init>(EventMethods.java:27)
at framework.Validators.<init>(Validators.java:7)
at framework.EventMethods.<init>(EventMethods.java:27)
at framework.Validators.<init>(Validators.java:7)
at framework.EventMethods.<init>(EventMethods.java:27)
at framework.Validators.<init>(Validators.java:7)
at framework.EventMethods.<init>(EventMethods.java:27)
at framework.Validators.<init>(Validators.java:7)
at framework.EventMethods.<init>(EventMethods.java:27)
at framework.Validators.<init>(Validators.java:7)
at framework.EventMethods.<init>(EventMethods.java:27)
at framework.Validators.<init>(Validators.java:7)
at framework.EventMethods.<init>(EventMethods.java:27)
at framework.Validators.<init>(Validators.java:7)
at framework.EventMethods.<init>(EventMethods.java:27)
at framework.Validators.<init>(Validators.java:7)
at framework.EventMethods.<init>(EventMethods.java:27)
at framework.Validators.<init>(Validators.java:7)
at framework.EventMethods.<init>(EventMethods.java:27)
at framework.Validators.<init>(Validators.java:7)
at framework.EventMethods.<init>(EventMethods.java:27)
at framework.Validators.<init>(Validators.java:7)
at framework.EventMethods.<init>(EventMethods.java:27)
at framework.Validators.<init>(Validators.java:7)
at framework.EventMethods.<init>(EventMethods.java:27)
at framework.Validators.<init>(Validators.java:7)
at framework.EventMethods.<init>(EventMethods.java:27)
at framework.Validators.<init>(Validators.java:7)
at framework.EventMethods.<init>(EventMethods.java:27)
at framework.Validators.<init>(Validators.java:7)
at framework.EventMethods.<init>(EventMethods.java:27)
at framework.Validators.<init>(Validators.java:7)
at framework.EventMethods.<init>(EventMethods.java:27)
at framework.Validators.<init>(Validators.java:7)
at framework.EventMethods.<init>(EventMethods.java:27)
at framework.Validators.<init>(Validators.java:7)
at framework.EventMethods.<init>(EventMethods.java:27)
at framework.Validators.<init>(Validators.java:7)
at framework.EventMethods.<init>(EventMethods.java:27)
at framework.Validators.<init>(Validators.java:7)
at framework.EventMethods.<init>(EventMethods.java:27)
at framework.Validators.<init>(Validators.java:7)
at framework.EventMethods.<init>(EventMethods.java:27)
at framework.Validators.<init>(Validators.java:7)
at framework.EventMethods.<init>(EventMethods.java:27)
at framework.Validators.<init>(Validators.java:7)
at framework.EventMethods.<init>(EventMethods.java:27)
at framework.Validators.<init>(Validators.java:7)
at framework.EventMethods.<init>(EventMethods.java:27)
at framework.Validators.<init>(Validators.java:7)
at framework.EventMethods.<init>(EventMethods.java:27)
at framework.Validators.<init>(Validators.java:7)
at framework.EventMethods.<init>(EventMethods.java:27)
at framework.Validators.<init>(Validators.java:7)
at framework.EventMethods.<init>(EventMethods.java:27)
at framework.Validators.<init>(Validators.java:7)
at framework.EventMethods.<init>(EventMethods.java:27)
at framework.Validators.<init>(Validators.java:7)
at framework.EventMethods.<init>(EventMethods.java:27)
at framework.Validators.<init>(Validators.java:7)
at framework.EventMethods.<init>(EventMethods.java:27)
at framework.Validators.<init>(Validators.java:7)
at framework.EventMethods.<init>(EventMethods.java:27)
at framework.Validators.<init>(Validators.java:7)
at framework.EventMethods.<init>(EventMethods.java:27)
at framework.Validators.<init>(Validators.java:7)
at framework.EventMethods.<init>(EventMethods.java:27)
at framework.Validators.<init>(Validators.java:7)
at framework.EventMethods.<init>(EventMethods.java:27)
at framework.Validators.<init>(Validators.java:7)
at framework.EventMethods.<init>(EventMethods.java:27)
at framework.Validators.<init>(Validators.java:7)
at framework.EventMethods.<init>(EventMethods.java:27)
at framework.Validators.<init>(Validators.java:7)
at framework.EventMethods.<init>(EventMethods.java:27)
at framework.Validators.<init>(Validators.java:7)
at framework.EventMethods.<init>(EventMethods.java:27)
at framework.Validators.<init>(Validators.java:7)
at framework.EventMethods.<init>(EventMethods.java:27)
at framework.Validators.<init>(Validators.java:7)
at framework.EventMethods.<init>(EventMethods.java:27)
at framework.Validators.<init>(Validators.java:7)
at framework.EventMethods.<init>(EventMethods.java:27)
at framework.Validators.<init>(Validators.java:7)
at framework.EventMethods.<init>(EventMethods.java:27)
at framework.Validators.<init>(Validators.java:7)
at framework.EventMethods.<init>(EventMethods.java:27)
at framework.Validators.<init>(Validators.java:7)
at framework.EventMethods.<init>(EventMethods.java:27)
at framework.Validators.<init>(Validators.java:7)
at framework.EventMethods.<init>(EventMethods.java:27)
at framework.Validators.<init>(Validators.java:7)
at framework.EventMethods.<init>(EventMethods.java:27)
at framework.Validators.<init>(Validators.java:7)
at framework.EventMethods.<init>(EventMethods.java:27)
at framework.Validators.<init>(Validators.java:7)
at framework.EventMethods.<init>(EventMethods.java:27)
at framework.Validators.<init>(Validators.java:7)
at framework.EventMethods.<init>(EventMethods.java:27)
at framework.Validators.<init>(Validators.java:7)
at framework.EventMethods.<init>(EventMethods.java:27)
at framework.Validators.<init>(Validators.java:7)
at framework.EventMethods.<init>(EventMethods.java:27)
at framework.Validators.<init>(Validators.java:7)
at framework.EventMethods.<init>(EventMethods.java:27)
at framework.Validators.<init>(Validators.java:7)
at framework.EventMethods.<init>(EventMethods.java:27)
at framework.Validators.<init>(Validators.java:7)
at framework.EventMethods.<init>(EventMethods.java:27)
at framework.Validators.<init>(Validators.java:7)
at framework.EventMethods.<init>(EventMethods.java:27)
at framework.Validators.<init>(Validators.java:7)
at framework.EventMethods.<init>(EventMethods.java:27)
at framework.Validators.<init>(Validators.java:7)
at framework.EventMethods.<init>(EventMethods.java:27)
at framework.Validators.<init>(Validators.java:7)
at framework.EventMethods.<init>(EventMethods.java:27)
at framework.Validators.<init>(Validators.java:7)
at framework.EventMethods.<init>(EventMethods.java:27)
at framework.Validators.<init>(Validators.java:7)
at framework.EventMethods.<init>(EventMethods.java:27)
at framework.Validators.<init>(Validators.java:7)
at framework.EventMethods.<init>(EventMethods.java:27)
at framework.Validators.<init>(Validators.java:7)
at framework.EventMethods.<init>(EventMethods.java:27)
at framework.Validators.<init>(Validators.java:7)
at framework.EventMethods.<init>(EventMethods.java:27)
at framework.Validators.<init>(Validators.java:7)
at framework.EventMethods.<init>(EventMethods.java:27)
at framework.Validators.<init>(Validators.java:7)
at framework.EventMethods.<init>(EventMethods.java:27)
at framework.Validators.<init>(Validators.java:7)
at framework.EventMethods.<init>(EventMethods.java:27)
at framework.Validators.<init>(Validators.java:7)
at framework.EventMethods.<init>(EventMethods.java:27)
at framework.Validators.<init>(Validators.java:7)
at framework.EventMethods.<init>(EventMethods.java:27)
at framework.Validators.<init>(Validators.java:7)
at framework.EventMethods.<init>(EventMethods.java:27)
at framework.Validators.<init>(Validators.java:7)
at framework.EventMethods.<init>(EventMethods.java:27)
at framework.Validators.<init>(Validators.java:7)
at framework.EventMethods.<init>(EventMethods.java:27)
at framework.Validators.<init>(Validators.java:7)
at framework.EventMethods.<init>(EventMethods.java:27)
at framework.Validators.<init>(Validators.java:7)
at framework.EventMethods.<init>(EventMethods.java:27)
at framework.Validators.<init>(Validators.java:7)
at framework.EventMethods.<init>(EventMethods.java:27)
at framework.Validators.<init>(Validators.java:7)
at framework.EventMethods.<init>(EventMethods.java:27)
at framework.Validators.<init>(Validators.java:7)
at framework.EventMethods.<init>(EventMethods.java:27)
at framework.Validators.<init>(Validators.java:7)
at framework.EventMethods.<init>(EventMethods.java:27)
at framework.Validators.<init>(Validators.java:7)
at framework.EventMethods.<init>(EventMethods.java:27)
at framework.Validators.<init>(Validators.java:7)
at framework.EventMethods.<init>(EventMethods.java:27)
at framework.Validators.<init>(Validators.java:7)
at framework.EventMethods.<init>(EventMethods.java:27)
at framework.Validators.<init>(Validators.java:7)
at framework.EventMethods.<init>(EventMethods.java:27)
at framework.Validators.<init>(Validators.java:7)
at framework.EventMethods.<init>(EventMethods.java:27)
at framework.Validators.<init>(Validators.java:7)
at framework.EventMethods.<init>(EventMethods.java:27)
at framework.Validators.<init>(Validators.java:7)
at framework.EventMethods.<init>(EventMethods.java:27)
at framework.Validators.<init>(Validators.java:7)
at framework.EventMethods.<init>(EventMethods.java:27)
at framework.Validators.<init>(Validators.java:7)
at framework.EventMethods.<init>(EventMethods.java:27)
at framework.Validators.<init>(Validators.java:7)
at framework.EventMethods.<init>(EventMethods.java:27)
at framework.Validators.<init>(Validators.java:7)
at framework.EventMethods.<init>(EventMethods.java:27)
at framework.Validators.<init>(Validators.java:7)
at framework.EventMethods.<init>(EventMethods.java:27)
at framework.Validators.<init>(Validators.java:7)
at framework.EventMethods.<init>(EventMethods.java:27)
at framework.Validators.<init>(Validators.java:7)
at framework.EventMethods.<init>(EventMethods.java:27)
at framework.Validators.<init>(Validators.java:7)
at framework.EventMethods.<init>(EventMethods.java:27)
at framework.Validators.<init>(Validators.java:7)
at framework.EventMethods.<init>(EventMethods.java:27)
at framework.Validators.<init>(Validators.java:7)
at framework.EventMethods.<init>(EventMethods.java:27)
at framework.Validators.<init>(Validators.java:7)
at framework.EventMethods.<init>(EventMethods.java:27)
at framework.Validators.<init>(Validators.java:7)
at framework.EventMethods.<init>(EventMethods.java:27)
at framework.Validators.<init>(Validators.java:7)
at framework.EventMethods.<init>(EventMethods.java:27)
at framework.Validators.<init>(Validators.java:7)
at framework.EventMethods.<init>(EventMethods.java:27)
at framework.Validators.<init>(Validators.java:7)
at framework.EventMethods.<init>(EventMethods.java:27)
at framework.Validators.<init>(Validators.java:7)
at framework.EventMethods.<init>(EventMethods.java:27)
at framework.Validators.<init>(Validators.java:7)
at framework.EventMethods.<init>(EventMethods.java:27)
at framework.Validators.<init>(Validators.java:7)
at framework.EventMethods.<init>(EventMethods.java:27)
at framework.Validators.<init>(Validators.java:7)
at framework.EventMethods.<init>(EventMethods.java:27)
at framework.Validators.<init>(Validators.java:7)
at framework.EventMethods.<init>(EventMethods.java:27)
at framework.Validators.<init>(Validators.java:7)
at framework.EventMethods.<init>(EventMethods.java:27)
at framework.Validators.<init>(Validators.java:7)
at framework.EventMethods.<init>(EventMethods.java:27)
at framework.Validators.<init>(Validators.java:7)
at framework.EventMethods.<init>(EventMethods.java:27)
at framework.Validators.<init>(Validators.java:7)
at framework.EventMethods.<init>(EventMethods.java:27)
at framework.Validators.<init>(Validators.java:7)
at framework.EventMethods.<init>(EventMethods.java:27)
at framework.Validators.<init>(Validators.java:7)
at framework.EventMethods.<init>(EventMethods.java:27)
at framework.Validators.<init>(Validators.java:7)
at framework.EventMethods.<init>(EventMethods.java:27)
at framework.Validators.<init>(Validators.java:7)
at framework.EventMethods.<init>(EventMethods.java:27)
at framework.Validators.<init>(Validators.java:7)
at framework.EventMethods.<init>(EventMethods.java:27)
at framework.Validators.<init>(Validators.java:7)
at framework.EventMethods.<init>(EventMethods.java:27)
at framework.Validators.<init>(Validators.java:7)
at framework.EventMethods.<init>(EventMethods.java:27)
at framework.Validators.<init>(Validators.java:7)
at framework.EventMethods.<init>(EventMethods.java:27)
at framework.Validators.<init>(Validators.java:7)
at framework.EventMethods.<init>(EventMethods.java:27)
at framework.Validators.<init>(Validators.java:7)
at framework.EventMethods.<init>(EventMethods.java:27)
at framework.Validators.<init>(Validators.java:7)
at framework.EventMethods.<init>(EventMethods.java:27)
at framework.Validators.<init>(Validators.java:7)
at framework.EventMethods.<init>(EventMethods.java:27)
at framework.Validators.<init>(Validators.java:7)
at framework.EventMethods.<init>(EventMethods.java:27)
at framework.Validators.<init>(Validators.java:7)
at framework.EventMethods.<init>(EventMethods.java:27)
at framework.Validators.<init>(Validators.java:7)
at framework.EventMethods.<init>(EventMethods.java:27)
at framework.Validators.<init>(Validators.java:7)
at framework.EventMethods.<init>(EventMethods.java:27)
at framework.Validators.<init>(Validators.java:7)
at framework.EventMethods.<init>(EventMethods.java:27)
at framework.Validators.<init>(Validators.java:7)
at framework.EventMethods.<init>(EventMethods.java:27)
at framework.Validators.<init>(Validators.java:7)
at framework.EventMethods.<init>(EventMethods.java:27)
at framework.Validators.<init>(Validators.java:7)
at framework.EventMethods.<init>(EventMethods.java:27)
at framework.Validators.<init>(Validators.java:7)
at framework.EventMethods.<init>(EventMethods.java:27)
at framework.Validators.<init>(Validators.java:7)
at framework.EventMethods.<init>(EventMethods.java:27)
at framework.Validators.<init>(Validators.java:7)
at framework.EventMethods.<init>(EventMethods.java:27)
at framework.Validators.<init>(Validators.java:7)
at framework.EventMethods.<init>(EventMethods.java:27)
at framework.Validators.<init>(Validators.java:7)
at framework.EventMethods.<init>(EventMethods.java:27)
at framework.Validators.<init>(Validators.java:7)
at framework.EventMethods.<init>(EventMethods.java:27)
at framework.Validators.<init>(Validators.java:7)
at framework.EventMethods.<init>(EventMethods.java:27)
at framework.Validators.<init>(Validators.java:7)
at framework.EventMethods.<init>(EventMethods.java:27)
at framework.Validators.<init>(Validators.java:7)
at framework.EventMethods.<init>(EventMethods.java:27)
at framework.Validators.<init>(Validators.java:7)
at framework.EventMethods.<init>(EventMethods.java:27)
at framework.Validators.<init>(Validators.java:7)
at framework.EventMethods.<init>(EventMethods.java:27)
at framework.Validators.<init>(Validators.java:7)
at framework.EventMethods.<init>(EventMethods.java:27)
at framework.Validators.<init>(Validators.java:7)
at framework.EventMethods.<init>(EventMethods.java:27)
at framework.Validators.<init>(Validators.java:7)
at framework.EventMethods.<init>(EventMethods.java:27)
at framework.Validators.<init>(Validators.java:7)
at framework.EventMethods.<init>(EventMethods.java:27)
at framework.Validators.<init>(Validators.java:7)
at framework.EventMethods.<init>(EventMethods.java:27)
at framework.Validators.<init>(Validators.java:7)
at framework.EventMethods.<init>(EventMethods.java:27)
at framework.Validators.<init>(Validators.java:7)
at framework.EventMethods.<init>(EventMethods.java:27)
at framework.Validators.<init>(Validators.java:7)
at framework.EventMethods.<init>(EventMethods.java:27)
at framework.Validators.<init>(Validators.java:7)
at framework.EventMethods.<init>(EventMethods.java:27)
at framework.Validators.<init>(Validators.java:7)
at framework.EventMethods.<init>(EventMethods.java:27)
at framework.Validators.<init>(Validators.java:7)
at framework.EventMethods.<init>(EventMethods.java:27)
at framework.Validators.<init>(Validators.java:7)
at framework.EventMethods.<init>(EventMethods.java:27)
at framework.Validators.<init>(Validators.java:7)
at framework.EventMethods.<init>(EventMethods.java:27)
at framework.Validators.<init>(Validators.java:7)
at framework.EventMethods.<init>(EventMethods.java:27)
at framework.Validators.<init>(Validators.java:7)
at framework.EventMethods.<init>(EventMethods.java:27)
at framework.Validators.<init>(Validators.java:7)
at framework.EventMethods.<init>(EventMethods.java:27)
at framework.Validators.<init>(Validators.java:7)
at framework.EventMethods.<init>(EventMethods.java:27)
at framework.Validators.<init>(Validators.java:7)
at framework.EventMethods.<init>(EventMethods.java:27)
at framework.Validators.<init>(Validators.java:7)
at framework.EventMethods.<init>(EventMethods.java:27)
at framework.Validators.<init>(Validators.java:7)
at framework.EventMethods.<init>(EventMethods.java:27)
at framework.Validators.<init>(Validators.java:7)
at framework.EventMethods.<init>(EventMethods.java:27)
at framework.Validators.<init>(Validators.java:7)
at framework.EventMethods.<init>(EventMethods.java:27)
at framework.Validators.<init>(Validators.java:7)
at framework.EventMethods.<init>(EventMethods.java:27)
at framework.Validators.<init>(Validators.java:7)
at framework.EventMethods.<init>(EventMethods.java:27)
at framework.Validators.<init>(Validators.java:7)
at framework.EventMethods.<init>(EventMethods.java:27)
at framework.Validators.<init>(Validators.java:7)
at framework.EventMethods.<init>(EventMethods.java:27)
at framework.Validators.<init>(Validators.java:7)
at framework.EventMethods.<init>(EventMethods.java:27)
at framework.Validators.<init>(Validators.java:7)
at framework.EventMethods.<init>(EventMethods.java:27)
at framework.Validators.<init>(Validators.java:7)
at framework.EventMethods.<init>(EventMethods.java:27)
at framework.Validators.<init>(Validators.java:7)
at framework.EventMethods.<init>(EventMethods.java:27)
at framework.Validators.<init>(Validators.java:7)
at framework.EventMethods.<init>(EventMethods.java:27)
at framework.Validators.<init>(Validators.java:7)
at framework.EventMethods.<init>(EventMethods.java:27)
at framework.Validators.<init>(Validators.java:7)
at framework.EventMethods.<init>(EventMethods.java:27)
at framework.Validators.<init>(Validators.java:7)
at framework.EventMethods.<init>(EventMethods.java:27)
at framework.Validators.<init>(Validators.java:7)
at framework.EventMethods.<init>(EventMethods.java:27)
at framework.Validators.<init>(Validators.java:7)
at framework.EventMethods.<init>(EventMethods.java:27)
at framework.Validators.<init>(Validators.java:7)
at framework.EventMethods.<init>(EventMethods.java:27)
at framework.Validators.<init>(Validators.java:7)
at framework.EventMethods.<init>(EventMethods.java:27)
at framework.Validators.<init>(Validators.java:7)
at framework.EventMethods.<init>(EventMethods.java:27)
at framework.Validators.<init>(Validators.java:7)
at framework.EventMethods.<init>(EventMethods.java:27)
at framework.Validators.<init>(Validators.java:7)
at framework.EventMethods.<init>(EventMethods.java:27)
at framework.Validators.<init>(Validators.java:7)
at framework.EventMethods.<init>(EventMethods.java:27)
at framework.Validators.<init>(Validators.java:7)
at framework.EventMethods.<init>(EventMethods.java:27)
at framework.Validators.<init>(Validators.java:7)
at framework.EventMethods.<init>(EventMethods.java:27)
at framework.Validators.<init>(Validators.java:7)
at framework.EventMethods.<init>(EventMethods.java:27)
at framework.Validators.<init>(Validators.java:7)
at framework.EventMethods.<init>(EventMethods.java:27)
at framework.Validators.<init>(Validators.java:7)
at framework.EventMethods.<init>(EventMethods.java:27)
at framework.Validators.<init>(Validators.java:7)
at framework.EventMethods.<init>(EventMethods.java:27)
at framework.Validators.<init>(Validators.java:7)
at framework.EventMethods.<init>(EventMethods.java:27)
at framework.Validators.<init>(Validators.java:7)
at framework.EventMethods.<init>(EventMethods.java:27)
at framework.Validators.<init>(Validators.java:7)
at framework.EventMethods.<init>(EventMethods.java:27)
at framework.Validators.<init>(Validators.java:7)
at framework.EventMethods.<init>(EventMethods.java:27)
at framework.Validators.<init>(Validators.java:7)
at framework.EventMethods.<init>(EventMethods.java:27)
at framework.Validators.<init>(Validators.java:7)
at framework.EventMethods.<init>(EventMethods.java:27)
at framework.Validators.<init>(Validators.java:7)
at framework.EventMethods.<init>(EventMethods.java:27)
at framework.Validators.<init>(Validators.java:7)
at framework.EventMethods.<init>(EventMethods.java:27)
at framework.Validators.<init>(Validators.java:7)
at framework.EventMethods.<init>(EventMethods.java:27)
at framework.Validators.<init>(Validators.java:7)
at framework.EventMethods.<init>(EventMethods.java:27)
at framework.Validators.<init>(Validators.java:7)
at framework.EventMethods.<init>(EventMethods.java:27)
at framework.Validators.<init>(Validators.java:7)
at framework.EventMethods.<init>(EventMethods.java:27)
at framework.Validators.<init>(Validators.java:7)
at framework.EventMethods.<init>(EventMethods.java:27)
at framework.Validators.<init>(Validators.java:7)
at framework.EventMethods.<init>(EventMethods.java:27)
at framework.Validators.<init>(Validators.java:7)
at framework.EventMethods.<init>(EventMethods.java:27)
at framework.Validators.<init>(Validators.java:7)
at framework.EventMethods.<init>(EventMethods.java:27)
at framework.Validators.<init>(Validators.java:7)
at framework.EventMethods.<init>(EventMethods.java:27)
at framework.Validators.<init>(Validators.java:7)
at framework.EventMethods.<init>(EventMethods.java:27)
at framework.Validators.<init>(Validators.java:7)
at framework.EventMethods.<init>(EventMethods.java:27)
at framework.Validators.<init>(Validators.java:7)
at framework.EventMethods.<init>(EventMethods.java:27)
at framework.Validators.<init>(Validators.java:7)
at framework.EventMethods.<init>(EventMethods.java:27)
at framework.Validators.<init>(Validators.java:7)
at framework.EventMethods.<init>(EventMethods.java:27)
at framework.Validators.<init>(Validators.java:7)
at framework.EventMethods.<init>(EventMethods.java:27)
at framework.Validators.<init>(Validators.java:7)
at framework.EventMethods.<init>(EventMethods.java:27)
at framework.Validators.<init>(Validators.java:7)
at framework.EventMethods.<init>(EventMethods.java:27)
at framework.Validators.<init>(Validators.java:7)
at framework.EventMethods.<init>(EventMethods.java:27)
at framework.Validators.<init>(Validators.java:7)
at framework.EventMethods.<init>(EventMethods.java:27)
at framework.Validators.<init>(Validators.java:7)
at framework.EventMethods.<init>(EventMethods.java:27)
at framework.Validators.<init>(Validators.java:7)
at framework.EventMethods.<init>(EventMethods.java:27)
at framework.Validators.<init>(Validators.java:7)
at framework.EventMethods.<init>(EventMethods.java:27)
at framework.Validators.<init>(Validators.java:7)
at framework.EventMethods.<init>(EventMethods.java:27)
at framework.Validators.<init>(Validators.java:7)
at framework.EventMethods.<init>(EventMethods.java:27)
at framework.Validators.<init>(Validators.java:7)
at framework.EventMethods.<init>(EventMethods.java:27)
at framework.Validators.<init>(Validators.java:7)
at framework.EventMethods.<init>(EventMethods.java:27)
at framework.Validators.<init>(Validators.java:7)
at framework.EventMethods.<init>(EventMethods.java:27)
at framework.Validators.<init>(Validators.java:7)
at framework.EventMethods.<init>(EventMethods.java:27)
at framework.Validators.<init>(Validators.java:7)
at framework.EventMethods.<init>(EventMethods.java:27)
at framework.Validators.<init>(Validators.java:7)
at framework.EventMethods.<init>(EventMethods.java:27)
at framework.Validators.<init>(Validators.java:7)
at framework.EventMethods.<init>(EventMethods.java:27)
at framework.Validators.<init>(Validators.java:7)
at framework.EventMethods.<init>(EventMethods.java:27)
at framework.Validators.<init>(Validators.java:7)
at framework.EventMethods.<init>(EventMethods.java:27)
at framework.Validators.<init>(Validators.java:7)
at framework.EventMethods.<init>(EventMethods.java:27)
at framework.Validators.<init>(Validators.java:7)
at framework.EventMethods.<init>(EventMethods.java:27)
at framework.Validators.<init>(Validators.java:7)
at framework.EventMethods.<init>(EventMethods.java:27)
at framework.Validators.<init>(Validators.java:7)
at framework.EventMethods.<init>(EventMethods.java:27)
at framework.Validators.<init>(Validators.java:7)
at framework.EventMethods.<init>(EventMethods.java:27)
at framework.Validators.<init>(Validators.java:7)
at framework.EventMethods.<init>(EventMethods.java:27)
at framework.Validators.<init>(Validators.java:7)
at framework.EventMethods.<init>(EventMethods.java:27)
at framework.Validators.<init>(Validators.java:7)
at framework.EventMethods.<init>(EventMethods.java:27)
at framework.Validators.<init>(Validators.java:7)
at framework.EventMethods.<init>(EventMethods.java:27)
at framework.Validators.<init>(Validators.java:7)
at framework.EventMethods.<init>(EventMethods.java:27)
at framework.Validators.<init>(Validators.java:7)
at framework.EventMethods.<init>(EventMethods.java:27)
at framework.Validators.<init>(Validators.java:7)
at framework.EventMethods.<init>(EventMethods.java:27)
at framework.Validators.<init>(Validators.java:7)
at framework.EventMethods.<init>(EventMethods.java:27)
at framework.Validators.<init>(Validators.java:7)
at framework.EventMethods.<init>(EventMethods.java:27)
at framework.Validators.<init>(Validators.java:7)
at framework.EventMethods.<init>(EventMethods.java:27)
at framework.Validators.<init>(Validators.java:7)
at framework.EventMethods.<init>(EventMethods.java:27)
at framework.Validators.<init>(Validators.java:7)
at framework.EventMethods.<init>(EventMethods.java:27)
at framework.Validators.<init>(Validators.java:7)
at framework.EventMethods.<init>(EventMethods.java:27)
at framework.Validators.<init>(Validators.java:7)
at framework.EventMethods.<init>(EventMethods.java:27)
at framework.Validators.<init>(Validators.java:7)
at framework.EventMethods.<init>(EventMethods.java:27)
at framework.Validators.<init>(Validators.java:7)
at framework.EventMethods.<init>(EventMethods.java:27)
at framework.Validators.<init>(Validators.java:7)
at framework.EventMethods.<init>(EventMethods.java:27)
at framework.Validators.<init>(Validators.java:7)
at framework.EventMethods.<init>(EventMethods.java:27)
]]>
    </error>
  </testcase> <!-- launchingBrowser -->
  <testcase classname="tests.login.LoginWithInValidCredentials" name="validateLogo" time="0.852">
    <error type="java.lang.NullPointerException">
      <![CDATA[java.lang.NullPointerException
at tests.login.LoginWithInValidCredentials.validateLogo(LoginWithInValidCredentials.java:27)
at java.base/jdk.internal.reflect.NativeMethodAccessorImpl.invoke0(Native Method)
at java.base/jdk.internal.reflect.NativeMethodAccessorImpl.invoke(NativeMethodAccessorImpl.java:62)
at java.base/jdk.internal.reflect.DelegatingMethodAccessorImpl.invoke(DelegatingMethodAccessorImpl.java:43)
at java.base/java.lang.reflect.Method.invoke(Method.java:566)
at org.testng.internal.MethodInvocationHelper.invokeMethod(MethodInvocationHelper.java:133)
at org.testng.internal.TestInvoker.invokeMethod(TestInvoker.java:584)
at org.testng.internal.TestInvoker.invokeTestMethod(TestInvoker.java:172)
at org.testng.internal.MethodRunner.runInSequence(MethodRunner.java:46)
at org.testng.internal.TestInvoker$MethodInvocationAgent.invoke(TestInvoker.java:804)
at org.testng.internal.TestInvoker.invokeTestMethods(TestInvoker.java:145)
at org.testng.internal.TestMethodWorker.invokeTestMethods(TestMethodWorker.java:146)
at org.testng.internal.TestMethodWorker.run(TestMethodWorker.java:128)
at java.base/java.util.ArrayList.forEach(ArrayList.java:1540)
at org.testng.TestRunner.privateRun(TestRunner.java:770)
at org.testng.TestRunner.run(TestRunner.java:591)
at org.testng.SuiteRunner.runTest(SuiteRunner.java:402)
at org.testng.SuiteRunner.runSequentially(SuiteRunner.java:396)
at org.testng.SuiteRunner.privateRun(SuiteRunner.java:355)
at org.testng.SuiteRunner.run(SuiteRunner.java:304)
at org.testng.SuiteRunnerWorker.runSuite(SuiteRunnerWorker.java:53)
at org.testng.SuiteRunnerWorker.run(SuiteRunnerWorker.java:96)
at org.testng.TestNG.runSuitesSequentially(TestNG.java:1180)
at org.testng.TestNG.runSuitesLocally(TestNG.java:1102)
at org.testng.TestNG.runSuites(TestNG.java:1032)
at org.testng.TestNG.run(TestNG.java:1000)
at org.testng.remote.AbstractRemoteTestNG.run(AbstractRemoteTestNG.java:115)
at org.testng.remote.RemoteTestNG.initAndRun(RemoteTestNG.java:251)
at org.testng.remote.RemoteTestNG.main(RemoteTestNG.java:77)
]]>
    </error>
  </testcase> <!-- validateLogo -->
  <testcase classname="tests.login.LoginWithInValidCredentials" name="validateTitle" time="0.910">
    <error type="java.lang.NullPointerException">
      <![CDATA[java.lang.NullPointerException
at tests.login.LoginWithInValidCredentials.validateTitle(LoginWithInValidCredentials.java:33)
at java.base/jdk.internal.reflect.NativeMethodAccessorImpl.invoke0(Native Method)
at java.base/jdk.internal.reflect.NativeMethodAccessorImpl.invoke(NativeMethodAccessorImpl.java:62)
at java.base/jdk.internal.reflect.DelegatingMethodAccessorImpl.invoke(DelegatingMethodAccessorImpl.java:43)
at java.base/java.lang.reflect.Method.invoke(Method.java:566)
at org.testng.internal.MethodInvocationHelper.invokeMethod(MethodInvocationHelper.java:133)
at org.testng.internal.TestInvoker.invokeMethod(TestInvoker.java:584)
at org.testng.internal.TestInvoker.invokeTestMethod(TestInvoker.java:172)
at org.testng.internal.MethodRunner.runInSequence(MethodRunner.java:46)
at org.testng.internal.TestInvoker$MethodInvocationAgent.invoke(TestInvoker.java:804)
at org.testng.internal.TestInvoker.invokeTestMethods(TestInvoker.java:145)
at org.testng.internal.TestMethodWorker.invokeTestMethods(TestMethodWorker.java:146)
at org.testng.internal.TestMethodWorker.run(TestMethodWorker.java:128)
at java.base/java.util.ArrayList.forEach(ArrayList.java:1540)
at org.testng.TestRunner.privateRun(TestRunner.java:770)
at org.testng.TestRunner.run(TestRunner.java:591)
at org.testng.SuiteRunner.runTest(SuiteRunner.java:402)
at org.testng.SuiteRunner.runSequentially(SuiteRunner.java:396)
at org.testng.SuiteRunner.privateRun(SuiteRunner.java:355)
at org.testng.SuiteRunner.run(SuiteRunner.java:304)
at org.testng.SuiteRunnerWorker.runSuite(SuiteRunnerWorker.java:53)
at org.testng.SuiteRunnerWorker.run(SuiteRunnerWorker.java:96)
at org.testng.TestNG.runSuitesSequentially(TestNG.java:1180)
at org.testng.TestNG.runSuitesLocally(TestNG.java:1102)
at org.testng.TestNG.runSuites(TestNG.java:1032)
at org.testng.TestNG.run(TestNG.java:1000)
at org.testng.remote.AbstractRemoteTestNG.run(AbstractRemoteTestNG.java:115)
at org.testng.remote.RemoteTestNG.initAndRun(RemoteTestNG.java:251)
at org.testng.remote.RemoteTestNG.main(RemoteTestNG.java:77)
]]>
    </error>
  </testcase> <!-- validateTitle -->
  <testcase classname="tests.login.LoginWithInValidCredentials" name="login" time="0.852">
    <error type="java.lang.NullPointerException">
      <![CDATA[java.lang.NullPointerException
at tests.login.LoginWithInValidCredentials.login(LoginWithInValidCredentials.java:40)
at java.base/jdk.internal.reflect.NativeMethodAccessorImpl.invoke0(Native Method)
at java.base/jdk.internal.reflect.NativeMethodAccessorImpl.invoke(NativeMethodAccessorImpl.java:62)
at java.base/jdk.internal.reflect.DelegatingMethodAccessorImpl.invoke(DelegatingMethodAccessorImpl.java:43)
at java.base/java.lang.reflect.Method.invoke(Method.java:566)
at org.testng.internal.MethodInvocationHelper.invokeMethod(MethodInvocationHelper.java:133)
at org.testng.internal.TestInvoker.invokeMethod(TestInvoker.java:584)
at org.testng.internal.TestInvoker.invokeTestMethod(TestInvoker.java:172)
at org.testng.internal.MethodRunner.runInSequence(MethodRunner.java:46)
at org.testng.internal.TestInvoker$MethodInvocationAgent.invoke(TestInvoker.java:804)
at org.testng.internal.TestInvoker.invokeTestMethods(TestInvoker.java:145)
at org.testng.internal.TestMethodWorker.invokeTestMethods(TestMethodWorker.java:146)
at org.testng.internal.TestMethodWorker.run(TestMethodWorker.java:128)
at java.base/java.util.ArrayList.forEach(ArrayList.java:1540)
at org.testng.TestRunner.privateRun(TestRunner.java:770)
at org.testng.TestRunner.run(TestRunner.java:591)
at org.testng.SuiteRunner.runTest(SuiteRunner.java:402)
at org.testng.SuiteRunner.runSequentially(SuiteRunner.java:396)
at org.testng.SuiteRunner.privateRun(SuiteRunner.java:355)
at org.testng.SuiteRunner.run(SuiteRunner.java:304)
at org.testng.SuiteRunnerWorker.runSuite(SuiteRunnerWorker.java:53)
at org.testng.SuiteRunnerWorker.run(SuiteRunnerWorker.java:96)
at org.testng.TestNG.runSuitesSequentially(TestNG.java:1180)
at org.testng.TestNG.runSuitesLocally(TestNG.java:1102)
at org.testng.TestNG.runSuites(TestNG.java:1032)
at org.testng.TestNG.run(TestNG.java:1000)
at org.testng.remote.AbstractRemoteTestNG.run(AbstractRemoteTestNG.java:115)
at org.testng.remote.RemoteTestNG.initAndRun(RemoteTestNG.java:251)
at org.testng.remote.RemoteTestNG.main(RemoteTestNG.java:77)
]]>
    </error>
  </testcase> <!-- login -->
  <testcase classname="tests.login.LoginWithInValidCredentials" name="validateLogin" time="0.863">
    <error type="java.lang.NullPointerException">
      <![CDATA[java.lang.NullPointerException
at tests.login.LoginWithInValidCredentials.validateLogin(LoginWithInValidCredentials.java:46)
at java.base/jdk.internal.reflect.NativeMethodAccessorImpl.invoke0(Native Method)
at java.base/jdk.internal.reflect.NativeMethodAccessorImpl.invoke(NativeMethodAccessorImpl.java:62)
at java.base/jdk.internal.reflect.DelegatingMethodAccessorImpl.invoke(DelegatingMethodAccessorImpl.java:43)
at java.base/java.lang.reflect.Method.invoke(Method.java:566)
at org.testng.internal.MethodInvocationHelper.invokeMethod(MethodInvocationHelper.java:133)
at org.testng.internal.TestInvoker.invokeMethod(TestInvoker.java:584)
at org.testng.internal.TestInvoker.invokeTestMethod(TestInvoker.java:172)
at org.testng.internal.MethodRunner.runInSequence(MethodRunner.java:46)
at org.testng.internal.TestInvoker$MethodInvocationAgent.invoke(TestInvoker.java:804)
at org.testng.internal.TestInvoker.invokeTestMethods(TestInvoker.java:145)
at org.testng.internal.TestMethodWorker.invokeTestMethods(TestMethodWorker.java:146)
at org.testng.internal.TestMethodWorker.run(TestMethodWorker.java:128)
at java.base/java.util.ArrayList.forEach(ArrayList.java:1540)
at org.testng.TestRunner.privateRun(TestRunner.java:770)
at org.testng.TestRunner.run(TestRunner.java:591)
at org.testng.SuiteRunner.runTest(SuiteRunner.java:402)
at org.testng.SuiteRunner.runSequentially(SuiteRunner.java:396)
at org.testng.SuiteRunner.privateRun(SuiteRunner.java:355)
at org.testng.SuiteRunner.run(SuiteRunner.java:304)
at org.testng.SuiteRunnerWorker.runSuite(SuiteRunnerWorker.java:53)
at org.testng.SuiteRunnerWorker.run(SuiteRunnerWorker.java:96)
at org.testng.TestNG.runSuitesSequentially(TestNG.java:1180)
at org.testng.TestNG.runSuitesLocally(TestNG.java:1102)
at org.testng.TestNG.runSuites(TestNG.java:1032)
at org.testng.TestNG.run(TestNG.java:1000)
at org.testng.remote.AbstractRemoteTestNG.run(AbstractRemoteTestNG.java:115)
at org.testng.remote.RemoteTestNG.initAndRun(RemoteTestNG.java:251)
at org.testng.remote.RemoteTestNG.main(RemoteTestNG.java:77)
]]>
    </error>
  </testcase> <!-- validateLogin -->
</testsuite> <!-- tests.login.LoginWithInValidCredentials -->
