<?xml version="1.0" encoding="UTF-8"?>
<!-- Generated by org.testng.reporters.JUnitReportReporter -->
<testsuite hostname="DESKTOP-OIGE0TE" failures="0" tests="5" name="tests.LoginPageTest" time="13.907" errors="0" timestamp="2019-11-07T17:53:33 IST" skipped="0">
  <testcase classname="tests.LoginPageTest" name="login" time="5.276"/>
  <testcase classname="tests.LoginPageTest" name="launchingBrowser" time="8.475"/>
  <testcase classname="tests.LoginPageTest" name="validateLogo" time="0.132"/>
  <testcase classname="tests.LoginPageTest" name="validateTitle" time="0.012"/>
  <testcase classname="tests.LoginPageTest" name="validateLogin" time="0.012"/>
</testsuite> <!-- tests.LoginPageTest -->
