<?xml version="1.0" encoding="UTF-8"?>
<!-- Generated by org.testng.reporters.JUnitReportReporter -->
<testsuite hostname="DESKTOP-OIGE0TE" failures="0" tests="1" name="framework.UtilityMethods" time="0.013" errors="0" timestamp="2019-11-05T16:11:44 IST" skipped="0">
  <testcase classname="framework.UtilityMethods" name="Data" time="0.013"/>
</testsuite> <!-- framework.UtilityMethods -->
