<?xml version="1.0" encoding="UTF-8"?>
<!-- Generated by org.testng.reporters.JUnitReportReporter -->
<testsuite hostname="DESKTOP-OIGE0TE" failures="0" tests="1" name="framework.ExcelUtils" time="0.745" errors="0" timestamp="2019-11-29T17:46:12 IST" skipped="0">
  <testcase classname="framework.ExcelUtils" name="gettingData" time="0.745"/>
</testsuite> <!-- framework.ExcelUtils -->
