<?xml version="1.0" encoding="UTF-8"?>
<!-- Generated by org.testng.reporters.JUnitReportReporter -->
<testsuite hostname="DESKTOP-CATI3JI" failures="0" tests="1" name="tests.pim.CreateCompany" time="29.369" errors="0" timestamp="11 Jun 2019 10:26:55 GMT" skipped="0">
  <testcase classname="tests.pim.CreateCompany" name="CE_001_crm_CreateANewCompany" time="29.369"/>
</testsuite> <!-- tests.pim.CreateCompany -->
