<?xml version="1.0" encoding="UTF-8"?>
<!-- Generated by org.testng.reporters.JUnitReportReporter -->
<testsuite hostname="DESKTOP-CATI3JI" failures="0" tests="1" name="framework.EventMethods" time="0.138" errors="0" timestamp="14 Jul 2019 08:23:09 GMT" skipped="0">
  <testcase classname="framework.EventMethods" name="selectDate" time="0.138"/>
</testsuite> <!-- framework.EventMethods -->
