<?xml version="1.0" encoding="UTF-8"?>
<!-- Generated by org.testng.reporters.JUnitReportReporter -->
<testsuite hostname="DESKTOP-CATI3JI" failures="0" tests="1" name="tests.crm.flipkart" time="11.337" errors="0" timestamp="16 Jul 2019 16:28:48 GMT" skipped="0">
  <testcase classname="tests.crm.flipkart" name="FlipkartiphoneColorSelection" time="11.337"/>
</testsuite> <!-- tests.crm.flipkart -->
