<?xml version="1.0" encoding="UTF-8"?>
<!-- Generated by org.testng.reporters.JUnitReportReporter -->
<testsuite hostname="DESKTOP-CATI3JI" failures="0" tests="1" name="tests.crm.WorkingWithExcel" time="0.755" errors="0" timestamp="24 Jun 2019 11:01:03 GMT" skipped="0">
  <testcase classname="tests.crm.WorkingWithExcel" name="ReadBasicExcel" time="0.755"/>
</testsuite> <!-- tests.crm.WorkingWithExcel -->
