<?xml version="1.0" encoding="UTF-8"?>
<!-- Generated by org.testng.reporters.JUnitReportReporter -->
<testsuite skipped="0" hostname="DESKTOP-2IF0E66" name="tests.comapnies.CreateCompany" tests="1" failures="0" timestamp="29 May 2019 12:06:22 GMT" time="15.972" errors="0">
  <testcase name="CC_001_CreateANewEmployee" time="15.972" classname="tests.comapnies.CreateCompany"/>
</testsuite> <!-- tests.comapnies.CreateCompany -->
