<?xml version="1.0" encoding="UTF-8"?>
<!-- Generated by org.testng.reporters.JUnitReportReporter -->
<testsuite hostname="DESKTOP-CATI3JI" failures="0" tests="1" name="tests.crm.gmail" time="39.770" errors="0" timestamp="14 Jul 2019 07:34:38 GMT" skipped="0">
  <testcase classname="tests.crm.gmail" name="gmailInbox" time="39.770"/>
</testsuite> <!-- tests.crm.gmail -->
