<?xml version="1.0" encoding="UTF-8"?>
<!-- Generated by org.testng.reporters.JUnitReportReporter -->
<testsuite hostname="DESKTOP-CATI3JI" failures="0" tests="1" name="tests.freecrm.CreateCompany" time="36.850" errors="0" timestamp="14 Jul 2019 08:04:11 GMT" skipped="0">
  <testcase classname="tests.freecrm.CreateCompany" name="CE_001_crm_CreateANewCompany" time="36.850"/>
</testsuite> <!-- tests.freecrm.CreateCompany -->
