<?xml version="1.0" encoding="UTF-8"?>
<!-- Generated by org.testng.reporters.JUnitReportReporter -->
<testsuite skipped="0" hostname="DESKTOP-2IF0E66" name="framework.CommonMethods" tests="1" failures="0" timestamp="20 May 2019 14:56:57 GMT" time="0.818" errors="0">
  <testcase name="readDataFromExcel" time="0.818" classname="framework.CommonMethods"/>
</testsuite> <!-- framework.CommonMethods -->
