<?xml version="1.0" encoding="UTF-8"?>
<!-- Generated by org.testng.reporters.JUnitReportReporter -->
<testsuite hostname="DESKTOP-CATI3JI" failures="0" tests="1" name="tests.crm.Strings" time="0.016" errors="0" timestamp="06 Aug 2019 15:41:14 GMT" skipped="0">
  <testcase classname="tests.crm.Strings" name="regex" time="0.016"/>
</testsuite> <!-- tests.crm.Strings -->
