<?xml version="1.0" encoding="UTF-8"?>
<!-- Generated by org.testng.reporters.JUnitReportReporter -->
<testsuite hostname="DESKTOP-CATI3JI" failures="0" tests="1" name="tests.crm.WorkingWithExcel" time="2.442" errors="0" timestamp="06 Aug 2019 06:12:33 GMT" skipped="0">
  <testcase classname="tests.crm.WorkingWithExcel" name="ReadBasicExcel" time="2.442"/>
</testsuite> <!-- tests.crm.WorkingWithExcel -->
